<beans xmlns="http://www.springframework.org/schema/beans"
       xmlns:sec="http://www.springframework.org/schema/security"
       xmlns:mvc="http://www.springframework.org/schema/mvc"
       xmlns:context="http://www.springframework.org/schema/context"
       xmlns:xsi="http://www.w3.org/2001/XMLSchema-instance"
       xmlns:tx="http://www.springframework.org/schema/tx"
       xsi:schemaLocation="http://www.springframework.org/schema/beans
        http://www.springframework.org/schema/beans/spring-beans.xsd
        http://www.springframework.org/schema/mvc
        http://www.springframework.org/schema/mvc/spring-mvc.xsd
        http://www.springframework.org/schema/context
        http://www.springframework.org/schema/context/spring-context.xsd
        http://www.springframework.org/schema/tx
        http://www.springframework.org/schema/tx/spring-tx.xsd
        http://www.springframework.org/schema/security
        http://www.springframework.org/schema/security/spring-security-4.1.xsd">

    <!--включаем чтение xml конфигурации-->
    <mvc:annotation-driven/>

    <!--папка для ресурсов (css, js)  и т.д-->
    <mvc:resources mapping="/resources/**" location="/res/"/>

    <!--путь сканирования компонентов-->
    <context:component-scan base-package="com.components"/>

    <!-- Конфигурационный файл -->
    <context:property-placeholder location="classpath:application.properties"/>

    <!--путь для сканирования jsp страниц-->
    <bean id="viewResolver" class="org.springframework.web.servlet.view.UrlBasedViewResolver">
        <property name="viewClass" value="org.springframework.web.servlet.view.JstlView"/>
        <property name="prefix" value="/WEB-INF/jsp/"/>
        <property name="suffix" value=".jsp"/>
    </bean>

    <!--=============================================== hibernate ===========================================-->
    <bean id="dataSource" class="org.apache.commons.dbcp.BasicDataSource" destroy-method="close">
        <property name="url" value="${url}"/>
        <property name="driverClassName" value="${driver}"/>
        <property name="username" value="${login}"/>
        <property name="password" value="${password}"/>
        <property name="initialSize" value="5"/>
        <property name="maxActive" value="10"/>
        <property name="maxIdle" value="5"/>
        <property name="minIdle" value="2"/>
        <property name="testOnBorrow" value="true"/>
        <property name="validationQuery" value="SELECT 1"/>
    </bean>

    <bean id="sessionFactory" class="org.springframework.orm.hibernate4.LocalSessionFactoryBean">
        <property name="dataSource" ref="dataSource"/>
        <property name="hibernateProperties">
            <props>
                <prop key="hibernate.hbm2ddl.auto">update</prop>
                <prop key="hibernate.dialect">org.hibernate.dialect.MySQL5Dialect</prop>
                <prop key="current_session_context_class">thread</prop>
            </props>
        </property>
        <property name="packagesToScan" value="com.components.tables"/>
    </bean>

    <bean id="transactionManager"
          class="org.springframework.orm.hibernate4.HibernateTransactionManager">
        <property name="sessionFactory" ref="sessionFactory"/>
    </bean>

    <tx:annotation-driven transaction-manager="transactionManager"/>

    <!--================================= security ===============================================================-->

    <sec:global-method-security secured-annotations="enabled" />

    <sec:http auto-config="true" use-expressions="true">

        <sec:csrf disabled="true"/>

        <sec:intercept-url pattern="/" access="isAuthenticated()"/>

        <sec:form-login login-page='/login'
                        authentication-failure-url="/access_denied"
                        username-parameter="username"
                        password-parameter="password"/>

        <sec:logout logout-success-url="/login"
                    delete-cookies="JSESSIONID"/>

        <sec:remember-me user-service-ref="serviceUser" key="sDk2i0RrR10kok"/>
    </sec:http>

    <sec:authentication-manager>
        <sec:authentication-provider user-service-ref="serviceUser">
            <sec:password-encoder ref="encoder"/>
        </sec:authentication-provider>
    </sec:authentication-manager>

    <bean class="org.springframework.security.crypto.bcrypt.BCryptPasswordEncoder" id="encoder">
        <constructor-arg value="12"/>
    </bean>

    <bean id="roleVoter" class="org.springframework.security.access.vote.RoleVoter">
        <property name="rolePrefix" value=""/>
    </bean>

</beans>
